<?xml version="1.0" encoding="UTF-8"?>
<!-- Generated by org.testng.reporters.JUnitReportReporter -->
<testsuite hostname="vivobook-asuslaptop-x512flc-x512fl" failures="0" tests="2" name="com.test.Onotologytree_json.CodeCheck" time="17.227" errors="0" timestamp="2024-02-09T11:10:21 IST" skipped="0">
  <testcase classname="com.test.Onotologytree_json.CodeCheck" name="login" time="13.468"/>
  <system-out/>
  <testcase classname="com.test.Onotologytree_json.CodeCheck" name="StatusCheck" time="3.759"/>
  <system-out/>
</testsuite> <!-- com.test.Onotologytree_json.CodeCheck -->
